e:\cpp\final project\mine\minesweeper\minesweeper\x64\debug\qrc_window.obj
e:\cpp\final project\mine\minesweeper\minesweeper\x64\debug\main.obj
e:\cpp\final project\mine\minesweeper\minesweeper\x64\debug\window.obj
e:\cpp\final project\mine\minesweeper\minesweeper\x64\debug\start.obj
e:\cpp\final project\mine\minesweeper\minesweeper\x64\debug\moc_cell.obj
e:\cpp\final project\mine\minesweeper\minesweeper\x64\debug\moc_window.obj
e:\cpp\final project\mine\minesweeper\minesweeper\x64\debug\cell.obj
e:\cpp\final project\mine\minesweeper\minesweeper\x64\debug\moc_start.obj
e:\cpp\final project\mine\minesweeper\minesweeper\x64\debug\vc141.pdb
e:\cpp\final project\mine - v2.0\minesweeper\minesweeper\x64\debug\window.obj
e:\cpp\final project\mine - v2.0\minesweeper\minesweeper\x64\debug\cell.obj
e:\cpp\final project\mine - v2.0\minesweeper\minesweeper\x64\debug\qrc_window.obj
e:\cpp\final project\mine - v2.0\minesweeper\minesweeper\x64\debug\main.obj
e:\cpp\final project\mine - v2.0\minesweeper\minesweeper\x64\debug\moc_cell.obj
e:\cpp\final project\mine - v2.0\minesweeper\minesweeper\x64\debug\moc_start.obj
e:\cpp\final project\mine - v2.0\minesweeper\minesweeper\x64\debug\start.obj
e:\cpp\final project\mine - v2.0\minesweeper\minesweeper\x64\debug\moc_window.obj
e:\cpp\final project\mine - v2.0\minesweeper\minesweeper\x64\debug\vc141.pdb
e:\cpp\final project\mine\minesweeper\x64\debug\minesweeper.exe
e:\cpp\final project\mine\minesweeper\x64\debug\minesweeper.ilk
e:\cpp\final project\mine\minesweeper\x64\debug\minesweeper.pdb
e:\cpp\final project\mine - v2.0\minesweeper\x64\debug\minesweeper.exe
e:\cpp\final project\mine - v2.0\minesweeper\x64\debug\minesweeper.ilk
e:\cpp\final project\mine - v2.0\minesweeper\x64\debug\minesweeper.pdb
e:\cpp\final project\mine\minesweeper\minesweeper\generatedfiles\qrc_window.cpp
e:\cpp\final project\mine\minesweeper\minesweeper\generatedfiles\debug\moc_window.cpp
e:\cpp\final project\mine\minesweeper\minesweeper\generatedfiles\debug\moc_cell.cpp
e:\cpp\final project\mine\minesweeper\minesweeper\generatedfiles\debug\moc_start.cpp
e:\cpp\final project\mine - v2.0\minesweeper\minesweeper\generatedfiles\debug\moc_window.cpp
e:\cpp\final project\mine - v2.0\minesweeper\minesweeper\generatedfiles\debug\moc_cell.cpp
e:\cpp\final project\mine - v2.0\minesweeper\minesweeper\generatedfiles\debug\moc_start.cpp
e:\cpp\final project\mine - v2.0\minesweeper\minesweeper\generatedfiles\qrc_window.cpp
e:\cpp\final project\mine - v2.0\minesweeper\minesweeper\.\generatedfiles\debug\moc_window.cpp
e:\cpp\final project\mine - v2.0\minesweeper\minesweeper\.\generatedfiles\debug\moc_cell.cpp
e:\cpp\final project\mine - v2.0\minesweeper\minesweeper\.\generatedfiles\debug\moc_start.cpp
e:\cpp\final project\mine - v2.0\minesweeper\minesweeper\.\generatedfiles\qrc_window.cpp
e:\cpp\final project\mine - v2.0\minesweeper\minesweeper\x64\debug\minesweeper.tlog\cl.command.1.tlog
e:\cpp\final project\mine - v2.0\minesweeper\minesweeper\x64\debug\minesweeper.tlog\cl.read.1.tlog
e:\cpp\final project\mine - v2.0\minesweeper\minesweeper\x64\debug\minesweeper.tlog\cl.write.1.tlog
e:\cpp\final project\mine - v2.0\minesweeper\minesweeper\x64\debug\minesweeper.tlog\link.command.1.tlog
e:\cpp\final project\mine - v2.0\minesweeper\minesweeper\x64\debug\minesweeper.tlog\link.read.1.tlog
e:\cpp\final project\mine - v2.0\minesweeper\minesweeper\x64\debug\minesweeper.tlog\link.write.1.tlog
e:\cpp\final project\mine - v2.0\minesweeper\minesweeper\x64\debug\minesweeper.tlog\minesweeper.write.1u.tlog
e:\cpp\final project\mine - v2.0\minesweeper\minesweeper\x64\debug\minesweeper.tlog\moc.read.1u.tlog
e:\cpp\final project\mine - v2.0\minesweeper\minesweeper\x64\debug\minesweeper.tlog\moc.write.1u.tlog
e:\cpp\final project\mine - v2.0\minesweeper\minesweeper\x64\debug\minesweeper.tlog\rcc.read.1u.tlog
e:\cpp\final project\mine - v2.0\minesweeper\minesweeper\x64\debug\minesweeper.tlog\rcc.write.1u.tlog
